  main.cpp
e:\3_git\langsproject\langsresearch\direct x\dx4\dx0\customvertex.h(6): error C3646: 'position': unknown override specifier
e:\3_git\langsproject\langsresearch\direct x\dx4\dx0\customvertex.h(6): error C4430: missing type specifier - int assumed. Note: C++ does not support default-int
e:\3_git\langsproject\langsresearch\direct x\dx4\dx0\customvertex.h(7): error C3646: 'normal': unknown override specifier
e:\3_git\langsproject\langsresearch\direct x\dx4\dx0\customvertex.h(7): error C4430: missing type specifier - int assumed. Note: C++ does not support default-int
e:\3_git\langsproject\langsresearch\direct x\dx4\dx0\customvertex.h(20): error C2065: 'D3DFVF_CUSTOMVERTEX': undeclared identifier
e:\3_git\langsproject\langsresearch\direct x\dx4\dx0\customvertex.h(41): error C2065: 'D3DX_PI': undeclared identifier
e:\3_git\langsproject\langsresearch\direct x\dx4\dx0\customvertex.h(42): error C2039: 'position': is not a member of 'CUSTOMVERTEX'
  e:\3_git\langsproject\langsresearch\direct x\dx4\dx0\customvertex.h(4): note: see declaration of 'CUSTOMVERTEX'
e:\3_git\langsproject\langsresearch\direct x\dx4\dx0\customvertex.h(42): error C3861: 'sinf': identifier not found
e:\3_git\langsproject\langsresearch\direct x\dx4\dx0\customvertex.h(42): error C3861: 'cosf': identifier not found
e:\3_git\langsproject\langsresearch\direct x\dx4\dx0\customvertex.h(42): error C3861: 'D3DXVECTOR3': identifier not found
e:\3_git\langsproject\langsresearch\direct x\dx4\dx0\customvertex.h(43): error C2039: 'normal': is not a member of 'CUSTOMVERTEX'
  e:\3_git\langsproject\langsresearch\direct x\dx4\dx0\customvertex.h(4): note: see declaration of 'CUSTOMVERTEX'
e:\3_git\langsproject\langsresearch\direct x\dx4\dx0\customvertex.h(43): error C3861: 'sinf': identifier not found
e:\3_git\langsproject\langsresearch\direct x\dx4\dx0\customvertex.h(43): error C3861: 'cosf': identifier not found
e:\3_git\langsproject\langsresearch\direct x\dx4\dx0\customvertex.h(43): error C3861: 'D3DXVECTOR3': identifier not found
e:\3_git\langsproject\langsresearch\direct x\dx4\dx0\customvertex.h(44): error C2039: 'position': is not a member of 'CUSTOMVERTEX'
  e:\3_git\langsproject\langsresearch\direct x\dx4\dx0\customvertex.h(4): note: see declaration of 'CUSTOMVERTEX'
e:\3_git\langsproject\langsresearch\direct x\dx4\dx0\customvertex.h(44): error C3861: 'sinf': identifier not found
e:\3_git\langsproject\langsresearch\direct x\dx4\dx0\customvertex.h(44): error C3861: 'cosf': identifier not found
e:\3_git\langsproject\langsresearch\direct x\dx4\dx0\customvertex.h(44): error C3861: 'D3DXVECTOR3': identifier not found
e:\3_git\langsproject\langsresearch\direct x\dx4\dx0\customvertex.h(45): error C2039: 'normal': is not a member of 'CUSTOMVERTEX'
  e:\3_git\langsproject\langsresearch\direct x\dx4\dx0\customvertex.h(4): note: see declaration of 'CUSTOMVERTEX'
e:\3_git\langsproject\langsresearch\direct x\dx4\dx0\customvertex.h(45): error C3861: 'sinf': identifier not found
e:\3_git\langsproject\langsresearch\direct x\dx4\dx0\customvertex.h(45): error C3861: 'cosf': identifier not found
e:\3_git\langsproject\langsresearch\direct x\dx4\dx0\customvertex.h(45): error C3861: 'D3DXVECTOR3': identifier not found
e:\3_git\langsproject\langsresearch\direct x\dx4\dx0\matrix.h(2): fatal error C1083: Cannot open include file: 'd3dx9.h': No such file or directory
